[debug] [2018-07-02T17:13:47.631Z] ----------------------------------------------------------------------
[debug] [2018-07-02T17:13:47.634Z] Command:       C:\Program Files\nodejs\node.exe C:\Users\sergio\AppData\Roaming\npm\node_modules\firebase-tools\bin\firebase deploy
[debug] [2018-07-02T17:13:47.634Z] CLI Version:   3.18.5
[debug] [2018-07-02T17:13:47.634Z] Platform:      win32
[debug] [2018-07-02T17:13:47.634Z] Node Version:  v8.11.2
[debug] [2018-07-02T17:13:47.635Z] Time:          Mon Jul 02 2018 19:13:47 GMT+0200 (Hora de verano romance)
[debug] [2018-07-02T17:13:47.635Z] ----------------------------------------------------------------------
[debug] 
[debug] [2018-07-02T17:13:47.651Z] > command requires scopes: ["email","openid","https://www.googleapis.com/auth/cloudplatformprojects.readonly","https://www.googleapis.com/auth/firebase","https://www.googleapis.com/auth/cloud-platform"]
[debug] [2018-07-02T17:13:47.653Z] > authorizing via signed-in user
[debug] [2018-07-02T17:13:47.657Z] >>> HTTP REQUEST GET https://admin.firebase.com/v1/projects/blog-project-42de8  
  
 Mon Jul 02 2018 19:13:47 GMT+0200 (Hora de verano romance)
[debug] [2018-07-02T17:13:48.480Z] <<< HTTP RESPONSE 200
[debug] [2018-07-02T17:13:48.482Z] >>> HTTP REQUEST GET https://admin.firebase.com/v1/database/blog-project-42de8/tokens  
  
 Mon Jul 02 2018 19:13:48 GMT+0200 (Hora de verano romance)
[debug] [2018-07-02T17:13:49.296Z] <<< HTTP RESPONSE 200
[info] 
[info] === Deploying to 'blog-project-42de8'...
[info] 
[info] i  deploying hosting
[info] i  hosting: preparing ./build directory for upload...
[debug] [2018-07-02T17:13:50.276Z] >>> HTTP REQUEST PUT https://deploy.firebase.com/v1/hosting/blog-project-42de8/uploads/-LGQz6wmoZ3F01c3xd-5?fileCount=11&message=  
  
 Mon Jul 02 2018 19:13:50 GMT+0200 (Hora de verano romance)
